<?xml version="1.0" encoding="UTF-8"?>
<!-- Generated by org.testng.reporters.JUnitXMLReporter -->
<testsuite hostname="a-PC" ignored="0" name="Default test" tests="1" failures="0" timestamp="09 Dec 2019 07:50:31 GMT" time="111.592" errors="0">
  <testcase name="@BeforeClass setUp" time="0.0" classname="xonierpack.FindBrokenImages">
    <failure type="org.openqa.selenium.WebDriverException" message="Failed to connect to binary FirefoxBinary(C:\Program Files\Mozilla Firefox\firefox.exe) on port 7055; process output follows: 
,&amp;quot;locales&amp;quot;:[&amp;quot;oc&amp;quot;]},{&amp;quot;name&amp;quot;:&amp;quot;Wikipedia (ja)&amp;quot;,&amp;quot;description&amp;quot;:&amp;quot;Wikipedia - ãƒ•ãƒªãƒ¼ç™¾ç§‘äº‹å…¸&amp;quot;,&amp;quot;creator&amp;quot;:null,&amp;quot;developers&amp;quot;:null,&amp;quot;translators&amp;quot;:null,&amp;quot;contributors&amp;quot;:null,&amp;quot;locales&amp;quot;:[&amp;quot;ja&amp;quot;]},{&amp;quot;name&amp;quot;:&amp;quot;Wikipedia (nl)&amp;quot;,&amp;quot;description&amp;quot;:&amp;quot;De vrije encyclopedie&amp;quot;,&amp;quot;creator&amp;quot;:null,&amp;quot;developers&amp;quot;:null,&amp;quot;translators&amp;quot;:null,&amp;quot;contributors&amp;quot;:null,&amp;quot;locales&amp;quot;:[&amp;quot;nl&amp;quot;]},{&amp;quot;name&amp;quot;:&amp;quot;Wikipedija (hsb)&amp;quot;,&amp;quot;description&amp;quot;:&amp;quot;Wikipedija, swobodna encyklopedija&amp;quot;,&amp;quot;creator&amp;quot;:null,&amp;quot;developers&amp;quot;:null,&amp;quot;translators&amp;quot;:null,&amp;quot;contributors&amp;quot;:null,&amp;quot;locales&amp;quot;:[&amp;quot;hsb&amp;quot;]},{&amp;quot;name&amp;quot;:&amp;quot;×•×™×§×™×¤×“×™×”&amp;quot;,&amp;quot;description&amp;quot;:&amp;quot;×•×™×§×™×¤×“×™×”&amp;quot;,&amp;quot;creator&amp;quot;:null,&amp;quot;developers&amp;quot;:null,&amp;quot;translators&amp;quot;:null,&amp;quot;contributors&amp;quot;:null,&amp;quot;locales&amp;quot;:[&amp;quot;he&amp;quot;]},{&amp;quot;name&amp;quot;:&amp;quot;VikipetÃ£ (gn)&amp;quot;,&amp;quot;description&amp;quot;:&amp;quot;VikipetÃ£, opaite tembikuaa hekosÃ£sÃ³va renda&amp;quot;,&amp;quot;creator&amp;quot;:null,&amp;quot;developers&amp;quot;:null,&amp;quot;translators&amp;quot;:null,&amp;quot;contributors&amp;quot;:null,&amp;quot;locales&amp;quot;:[&amp;quot;gn&amp;quot;]},{&amp;quot;name&amp;quot;:&amp;quot;Wikipedia (pt)&amp;quot;,&amp;quot;description&amp;quot;:&amp;quot;WikipÃ©dia, a enciclopÃ©dia livre&amp;quot;,&amp;quot;creator&amp;quot;:null,&amp;quot;developers&amp;quot;:null,&amp;quot;translators&amp;quot;:null,&amp;quot;contributors&amp;quot;:null,&amp;quot;locales&amp;quot;:[&amp;quot;pt&amp;quot;]},{&amp;quot;name&amp;quot;:&amp;quot;Wikipedia (ro)&amp;quot;,&amp;quot;description&amp;quot;:&amp;quot;Wikipedia, enciclopedia liberÄƒ&amp;quot;,&amp;quot;creator&amp;quot;:null,&amp;quot;developers&amp;quot;:null,&amp;quot;translators&amp;quot;:null,&amp;quot;contributors&amp;quot;:null,&amp;quot;locales&amp;quot;:[&amp;quot;ro&amp;quot;]},{&amp;quot;name&amp;quot;:&amp;quot;Wikipedia (hy)&amp;quot;,&amp;quot;description&amp;quot;:&amp;quot;ÕŽÕ«Ö„Õ«ÖƒÕ¥Õ¤Õ«Õ¡Õ� Õ¡Õ¦Õ¡Õ¿ Õ°Õ¡Õ¶Ö€Õ¡Õ£Õ«Õ¿Õ¡Ö€Õ¡Õ¶&amp;quot;,&amp;quot;creator&amp;quot;:null,&amp;quot;developers&amp;quot;:null,&amp;quot;translators&amp;quot;:null,&amp;quot;contributors&amp;quot;:null,&amp;quot;locales&amp;quot;:[&amp;quot;hy&amp;quot;]},{&amp;quot;name&amp;quot;:&amp;quot;Wikipedia (tr)&amp;quot;,&amp;quot;description&amp;quot;:&amp;quot;Vikipedi, Ã¶zgÃ¼r ansiklopedi&amp;quot;,&amp;quot;creator&amp;quot;:null,&amp;quot;developers&amp;quot;:null,&amp;quot;translators&amp;quot;:null,&amp;quot;contributors&amp;quot;:null,&amp;quot;locales&amp;quot;:[&amp;quot;tr&amp;quot;]},{&amp;quot;name&amp;quot;:&amp;quot;Ð’Ñ–ÐºÑ–Ð¿ÐµÐ´Ñ–Ñ� (uk)&amp;quot;,&amp;quot;description&amp;quot;:&amp;quot;Ð’Ñ–ÐºÑ–Ð¿ÐµÐ´Ñ–Ñ�, Ð²Ñ–Ð»ÑŒÐ½Ð° ÐµÐ½Ñ†Ð¸ÐºÐ»Ð¾Ð¿ÐµÐ´Ñ–Ñ�&amp;quot;,&amp;quot;creator&amp;quot;:null,&amp;quot;developers&amp;quot;:null,&amp;quot;translators&amp;quot;:null,&amp;quot;contributors&amp;quot;:null,&amp;quot;locales&amp;quot;:[&amp;quot;uk&amp;quot;]},{&amp;quot;name&amp;quot;:&amp;quot;Wikipedia (zh)&amp;quot;,&amp;quot;description&amp;quot;:&amp;quot;ç¶­åŸºç™¾ç§‘ï¼Œè‡ªç”±çš„ç™¾ç§‘å…¨æ›¸&amp;quot;,&amp;quot;creator&amp;quot;:null,&amp;quot;developers&amp;quot;:null,&amp;quot;translators&amp;quot;:null,&amp;quot;contributors&amp;quot;:null,&amp;quot;locales&amp;quot;:[&amp;quot;zh-TW&amp;quot;]},{&amp;quot;name&amp;quot;:&amp;quot;à¸§à¸´à¸�à¸´à¸žà¸µà¹€à¸”à¸µà¸¢&amp;quot;,&amp;quot;description&amp;quot;:&amp;quot;à¸§à¸´à¸�à¸´à¸žà¸µà¹€à¸”à¸µà¸¢ à¸ªà¸²à¸£à¸²à¸™à¸¸à¸�à¸£à¸¡à¹€à¸ªà¸£à¸µ&amp;quot;,&amp;quot;creator&amp;quot;:null,&amp;quot;developers&amp;quot;:null,&amp;quot;translators&amp;quot;:null,&amp;quot;contributors&amp;quot;:null,&amp;quot;locales&amp;quot;:[&amp;quot;th&amp;quot;]},{&amp;quot;name&amp;quot;:&amp;quot;Vikipediya (uz)&amp;quot;,&amp;quot;description&amp;quot;:&amp;quot;Vikipediya, ochiq ensiklopediya&amp;quot;,&amp;quot;creator&amp;quot;:null,&amp;quot;developers&amp;quot;:null,&amp;quot;translators&amp;quot;:null,&amp;quot;contributors&amp;quot;:null,&amp;quot;locales&amp;quot;:[&amp;quot;uz&amp;quot;]},{&amp;quot;name&amp;quot;:&amp;quot;Wikipedia (vi)&amp;quot;,&amp;quot;description&amp;quot;:&amp;quot;Wikipedia, bÃ¡ch khoa toÃ n thÆ° má»Ÿ&amp;quot;,&amp;quot;creator&amp;quot;:null,&amp;quot;developers&amp;quot;:null,&amp;quot;translators&amp;quot;:null,&amp;quot;contributors&amp;quot;:null,&amp;quot;locales&amp;quot;:[&amp;quot;vi&amp;quot;]},{&amp;quot;name&amp;quot;:&amp;quot;ÙˆÛŒÚ©ÛŒÙ¾ÛŒÚˆÛŒØ§ (ur)&amp;quot;,&amp;quot;description&amp;quot;:&amp;quot;ÙˆÛŒÚ©ÛŒÙ¾ÛŒÚˆÛŒØ§ Ø¢Ø²Ø§Ø¯ Ø¯Ø§Ø¦Ø±Ûƒ Ø§Ù„Ù…Ø¹Ø§Ø±Ù�&amp;quot;,&amp;quot;creator&amp;quot;:null,&amp;quot;developers&amp;quot;:null,&amp;quot;translators&amp;quot;:null,&amp;quot;contributors&amp;quot;:null,&amp;quot;locales&amp;quot;:[&amp;quot;ur&amp;quot;]},{&amp;quot;name&amp;quot;:&amp;quot;à°µà°¿à°•à±€à°ªà±€à°¡à°¿à°¯à°¾ (te)&amp;quot;,&amp;quot;description&amp;quot;:&amp;quot;à°µà°¿à°•à±€à°ªà±€à°¡à°¿à°¯à°¾ (te)&amp;quot;,&amp;quot;creator&amp;quot;:null,&amp;quot;developers&amp;quot;:null,&amp;quot;translators&amp;quot;:null,&amp;quot;contributors&amp;quot;:null,&amp;quot;locales&amp;quot;:[&amp;quot;te&amp;quot;]},{&amp;quot;name&amp;quot;:&amp;quot;Wikipedia (wo)&amp;quot;,&amp;quot;description&amp;quot;:&amp;quot;Wikipedia, Jimbulang bu Ubbeeku bi&amp;quot;,&amp;quot;creator&amp;quot;:null,&amp;quot;developers&amp;quot;:null,&amp;quot;translators&amp;quot;:null,&amp;quot;contributors&amp;quot;:null,&amp;quot;locales&amp;quot;:[&amp;quot;wo&amp;quot;]},{&amp;quot;name&amp;quot;:&amp;quot;ç»´åŸºç™¾ç§‘&amp;quot;,&amp;quot;description&amp;quot;:&amp;quot;ç»´åŸºç™¾ç§‘ï¼Œè‡ªç”±çš„ç™¾ç§‘å…¨ä¹¦&amp;quot;,&amp;quot;creator&amp;quot;:null,&amp;quot;developers&amp;quot;:null,&amp;quot;translators&amp;quot;:null,&amp;quot;contributors&amp;quot;:null,&amp;quot;locales&amp;quot;:[&amp;quot;zh-CN&amp;quot;]},{&amp;quot;name&amp;quot;:&amp;quot;Wikipedia (tl)&amp;quot;,&amp;quot;description&amp;quot;:&amp;quot;Wikipedia, ang malayang ensiklopedya&amp;quot;,&amp;quot;creator&amp;quot;:null,&amp;quot;developers&amp;quot;:null,&amp;quot;translators&amp;quot;:null,&amp;quot;contributors&amp;quot;:null,&amp;quot;locales&amp;quot;:[&amp;quot;tl&amp;quot;]}],&amp;quot;targetApplications&amp;quot;:[{&amp;quot;id&amp;quot;:&amp;quot;toolkit@mozilla.org&amp;quot;,&amp;quot;minVersion&amp;quot;:null,&amp;quot;maxVersion&amp;quot;:null}],&amp;quot;targetPlatforms&amp;quot;:[],&amp;quot;seen&amp;quot;:true,&amp;quot;dependencies&amp;quot;:[],&amp;quot;incognito&amp;quot;:&amp;quot;spanning&amp;quot;,&amp;quot;userPermissions&amp;quot;:{&amp;quot;permissions&amp;quot;:[],&amp;quot;origins&amp;quot;:[]},&amp;quot;icons&amp;quot;:{&amp;quot;16&amp;quot;:&amp;quot;favicon.ico&amp;quot;},&amp;quot;iconURL&amp;quot;:null,&amp;quot;blocklistState&amp;quot;:0,&amp;quot;blocklistURL&amp;quot;:null,&amp;quot;startupData&amp;quot;:null,&amp;quot;hidden&amp;quot;:true,&amp;quot;installTelemetryInfo&amp;quot;:null,&amp;quot;recommendationState&amp;quot;:null,&amp;quot;rootURI&amp;quot;:&amp;quot;resource://search-extensions/wikipedia/&amp;quot;,&amp;quot;location&amp;quot;:&amp;quot;app-builtin&amp;quot;}
1575877822313	addons.xpi	DEBUG	Loading bootstrap scope from resource://search-extensions/wikipedia/
1575877822313	addons.xpi	DEBUG	Calling bootstrap method install on wikipedia@search.mozilla.org version 1.0
1575877822313	addons.xpi	DEBUG	Calling bootstrap method startup on wikipedia@search.mozilla.org version 1.0

Build info: version: &amp;apos;2.25.0&amp;apos;, revision: &amp;apos;17482&amp;apos;, time: &amp;apos;2012-07-18 22:18:01&amp;apos;
System info: os.name: &amp;apos;Windows 7&amp;apos;, os.arch: &amp;apos;x86&amp;apos;, os.version: &amp;apos;6.1&amp;apos;, java.version: &amp;apos;1.8.0_221&amp;apos;
Driver info: driver.version: FirefoxDriver">
      <![CDATA[org.openqa.selenium.WebDriverException: Failed to connect to binary FirefoxBinary(C:\Program Files\Mozilla Firefox\firefox.exe) on port 7055; process output follows: 
,"locales":["oc"]},{"name":"Wikipedia (ja)","description":"Wikipedia - ãƒ•ãƒªãƒ¼ç™¾ç§‘äº‹å…¸","creator":null,"developers":null,"translators":null,"contributors":null,"locales":["ja"]},{"name":"Wikipedia (nl)","description":"De vrije encyclopedie","creator":null,"developers":null,"translators":null,"contributors":null,"locales":["nl"]},{"name":"Wikipedija (hsb)","description":"Wikipedija, swobodna encyklopedija","creator":null,"developers":null,"translators":null,"contributors":null,"locales":["hsb"]},{"name":"×•×™×§×™×¤×“×™×”","description":"×•×™×§×™×¤×“×™×”","creator":null,"developers":null,"translators":null,"contributors":null,"locales":["he"]},{"name":"VikipetÃ£ (gn)","description":"VikipetÃ£, opaite tembikuaa hekosÃ£sÃ³va renda","creator":null,"developers":null,"translators":null,"contributors":null,"locales":["gn"]},{"name":"Wikipedia (pt)","description":"WikipÃ©dia, a enciclopÃ©dia livre","creator":null,"developers":null,"translators":null,"contributors":null,"locales":["pt"]},{"name":"Wikipedia (ro)","description":"Wikipedia, enciclopedia liberÄƒ","creator":null,"developers":null,"translators":null,"contributors":null,"locales":["ro"]},{"name":"Wikipedia (hy)","description":"ÕŽÕ«Ö„Õ«ÖƒÕ¥Õ¤Õ«Õ¡Õ� Õ¡Õ¦Õ¡Õ¿ Õ°Õ¡Õ¶Ö€Õ¡Õ£Õ«Õ¿Õ¡Ö€Õ¡Õ¶","creator":null,"developers":null,"translators":null,"contributors":null,"locales":["hy"]},{"name":"Wikipedia (tr)","description":"Vikipedi, Ã¶zgÃ¼r ansiklopedi","creator":null,"developers":null,"translators":null,"contributors":null,"locales":["tr"]},{"name":"Ð’Ñ–ÐºÑ–Ð¿ÐµÐ´Ñ–Ñ� (uk)","description":"Ð’Ñ–ÐºÑ–Ð¿ÐµÐ´Ñ–Ñ�, Ð²Ñ–Ð»ÑŒÐ½Ð° ÐµÐ½Ñ†Ð¸ÐºÐ»Ð¾Ð¿ÐµÐ´Ñ–Ñ�","creator":null,"developers":null,"translators":null,"contributors":null,"locales":["uk"]},{"name":"Wikipedia (zh)","description":"ç¶­åŸºç™¾ç§‘ï¼Œè‡ªç”±çš„ç™¾ç§‘å…¨æ›¸","creator":null,"developers":null,"translators":null,"contributors":null,"locales":["zh-TW"]},{"name":"à¸§à¸´à¸�à¸´à¸žà¸µà¹€à¸”à¸µà¸¢","description":"à¸§à¸´à¸�à¸´à¸žà¸µà¹€à¸”à¸µà¸¢ à¸ªà¸²à¸£à¸²à¸™à¸¸à¸�à¸£à¸¡à¹€à¸ªà¸£à¸µ","creator":null,"developers":null,"translators":null,"contributors":null,"locales":["th"]},{"name":"Vikipediya (uz)","description":"Vikipediya, ochiq ensiklopediya","creator":null,"developers":null,"translators":null,"contributors":null,"locales":["uz"]},{"name":"Wikipedia (vi)","description":"Wikipedia, bÃ¡ch khoa toÃ n thÆ° má»Ÿ","creator":null,"developers":null,"translators":null,"contributors":null,"locales":["vi"]},{"name":"ÙˆÛŒÚ©ÛŒÙ¾ÛŒÚˆÛŒØ§ (ur)","description":"ÙˆÛŒÚ©ÛŒÙ¾ÛŒÚˆÛŒØ§ Ø¢Ø²Ø§Ø¯ Ø¯Ø§Ø¦Ø±Ûƒ Ø§Ù„Ù…Ø¹Ø§Ø±Ù�","creator":null,"developers":null,"translators":null,"contributors":null,"locales":["ur"]},{"name":"à°µà°¿à°•à±€à°ªà±€à°¡à°¿à°¯à°¾ (te)","description":"à°µà°¿à°•à±€à°ªà±€à°¡à°¿à°¯à°¾ (te)","creator":null,"developers":null,"translators":null,"contributors":null,"locales":["te"]},{"name":"Wikipedia (wo)","description":"Wikipedia, Jimbulang bu Ubbeeku bi","creator":null,"developers":null,"translators":null,"contributors":null,"locales":["wo"]},{"name":"ç»´åŸºç™¾ç§‘","description":"ç»´åŸºç™¾ç§‘ï¼Œè‡ªç”±çš„ç™¾ç§‘å…¨ä¹¦","creator":null,"developers":null,"translators":null,"contributors":null,"locales":["zh-CN"]},{"name":"Wikipedia (tl)","description":"Wikipedia, ang malayang ensiklopedya","creator":null,"developers":null,"translators":null,"contributors":null,"locales":["tl"]}],"targetApplications":[{"id":"toolkit@mozilla.org","minVersion":null,"maxVersion":null}],"targetPlatforms":[],"seen":true,"dependencies":[],"incognito":"spanning","userPermissions":{"permissions":[],"origins":[]},"icons":{"16":"favicon.ico"},"iconURL":null,"blocklistState":0,"blocklistURL":null,"startupData":null,"hidden":true,"installTelemetryInfo":null,"recommendationState":null,"rootURI":"resource://search-extensions/wikipedia/","location":"app-builtin"}
1575877822313	addons.xpi	DEBUG	Loading bootstrap scope from resource://search-extensions/wikipedia/
1575877822313	addons.xpi	DEBUG	Calling bootstrap method install on wikipedia@search.mozilla.org version 1.0
1575877822313	addons.xpi	DEBUG	Calling bootstrap method startup on wikipedia@search.mozilla.org version 1.0

Build info: version: '2.25.0', revision: '17482', time: '2012-07-18 22:18:01'
System info: os.name: 'Windows 7', os.arch: 'x86', os.version: '6.1', java.version: '1.8.0_221'
Driver info: driver.version: FirefoxDriver
	at org.openqa.selenium.firefox.internal.NewProfileExtensionConnection.start(NewProfileExtensionConnection.java:121)
	at org.openqa.selenium.firefox.FirefoxDriver.startClient(FirefoxDriver.java:245)
	at org.openqa.selenium.remote.RemoteWebDriver.<init>(RemoteWebDriver.java:109)
	at org.openqa.selenium.firefox.FirefoxDriver.<init>(FirefoxDriver.java:183)
	at org.openqa.selenium.firefox.FirefoxDriver.<init>(FirefoxDriver.java:178)
	at org.openqa.selenium.firefox.FirefoxDriver.<init>(FirefoxDriver.java:174)
	at org.openqa.selenium.firefox.FirefoxDriver.<init>(FirefoxDriver.java:92)
	at xonierpack.FindBrokenImages.setUp(FindBrokenImages.java:25)
	at sun.reflect.NativeMethodAccessorImpl.invoke0(Native Method)
	at sun.reflect.NativeMethodAccessorImpl.invoke(Unknown Source)
	at sun.reflect.DelegatingMethodAccessorImpl.invoke(Unknown Source)
	at java.lang.reflect.Method.invoke(Unknown Source)
	at org.testng.internal.MethodInvocationHelper.invokeMethod(MethodInvocationHelper.java:104)
	at org.testng.internal.Invoker.invokeConfigurationMethod(Invoker.java:515)
	at org.testng.internal.Invoker.invokeConfigurations(Invoker.java:217)
	at org.testng.internal.Invoker.invokeConfigurations(Invoker.java:144)
	at org.testng.internal.TestMethodWorker.invokeBeforeClassMethods(TestMethodWorker.java:169)
	at org.testng.internal.TestMethodWorker.run(TestMethodWorker.java:108)
	at org.testng.TestRunner.privateRun(TestRunner.java:756)
	at org.testng.TestRunner.run(TestRunner.java:610)
	at org.testng.SuiteRunner.runTest(SuiteRunner.java:387)
	at org.testng.SuiteRunner.runSequentially(SuiteRunner.java:382)
	at org.testng.SuiteRunner.privateRun(SuiteRunner.java:340)
	at org.testng.SuiteRunner.run(SuiteRunner.java:289)
	at org.testng.SuiteRunnerWorker.runSuite(SuiteRunnerWorker.java:52)
	at org.testng.SuiteRunnerWorker.run(SuiteRunnerWorker.java:86)
	at org.testng.TestNG.runSuitesSequentially(TestNG.java:1293)
	at org.testng.TestNG.runSuitesLocally(TestNG.java:1218)
	at org.testng.TestNG.runSuites(TestNG.java:1133)
	at org.testng.TestNG.run(TestNG.java:1104)
	at org.testng.remote.AbstractRemoteTestNG.run(AbstractRemoteTestNG.java:132)
	at org.testng.remote.RemoteTestNG.initAndRun(RemoteTestNG.java:236)
	at org.testng.remote.RemoteTestNG.main(RemoteTestNG.java:81)
Caused by: org.openqa.selenium.firefox.NotConnectedException: Unable to connect to host 127.0.0.1 on port 7055 after 45000 ms. Firefox console output:
,"locales":["oc"]},{"name":"Wikipedia (ja)","description":"Wikipedia - ãƒ•ãƒªãƒ¼ç™¾ç§‘äº‹å…¸","creator":null,"developers":null,"translators":null,"contributors":null,"locales":["ja"]},{"name":"Wikipedia (nl)","description":"De vrije encyclopedie","creator":null,"developers":null,"translators":null,"contributors":null,"locales":["nl"]},{"name":"Wikipedija (hsb)","description":"Wikipedija, swobodna encyklopedija","creator":null,"developers":null,"translators":null,"contributors":null,"locales":["hsb"]},{"name":"×•×™×§×™×¤×“×™×”","description":"×•×™×§×™×¤×“×™×”","creator":null,"developers":null,"translators":null,"contributors":null,"locales":["he"]},{"name":"VikipetÃ£ (gn)","description":"VikipetÃ£, opaite tembikuaa hekosÃ£sÃ³va renda","creator":null,"developers":null,"translators":null,"contributors":null,"locales":["gn"]},{"name":"Wikipedia (pt)","description":"WikipÃ©dia, a enciclopÃ©dia livre","creator":null,"developers":null,"translators":null,"contributors":null,"locales":["pt"]},{"name":"Wikipedia (ro)","description":"Wikipedia, enciclopedia liberÄƒ","creator":null,"developers":null,"translators":null,"contributors":null,"locales":["ro"]},{"name":"Wikipedia (hy)","description":"ÕŽÕ«Ö„Õ«ÖƒÕ¥Õ¤Õ«Õ¡Õ� Õ¡Õ¦Õ¡Õ¿ Õ°Õ¡Õ¶Ö€Õ¡Õ£Õ«Õ¿Õ¡Ö€Õ¡Õ¶","creator":null,"developers":null,"translators":null,"contributors":null,"locales":["hy"]},{"name":"Wikipedia (tr)","description":"Vikipedi, Ã¶zgÃ¼r ansiklopedi","creator":null,"developers":null,"translators":null,"contributors":null,"locales":["tr"]},{"name":"Ð’Ñ–ÐºÑ–Ð¿ÐµÐ´Ñ–Ñ� (uk)","description":"Ð’Ñ–ÐºÑ–Ð¿ÐµÐ´Ñ–Ñ�, Ð²Ñ–Ð»ÑŒÐ½Ð° ÐµÐ½Ñ†Ð¸ÐºÐ»Ð¾Ð¿ÐµÐ´Ñ–Ñ�","creator":null,"developers":null,"translators":null,"contributors":null,"locales":["uk"]},{"name":"Wikipedia (zh)","description":"ç¶­åŸºç™¾ç§‘ï¼Œè‡ªç”±çš„ç™¾ç§‘å…¨æ›¸","creator":null,"developers":null,"translators":null,"contributors":null,"locales":["zh-TW"]},{"name":"à¸§à¸´à¸�à¸´à¸žà¸µà¹€à¸”à¸µà¸¢","description":"à¸§à¸´à¸�à¸´à¸žà¸µà¹€à¸”à¸µà¸¢ à¸ªà¸²à¸£à¸²à¸™à¸¸à¸�à¸£à¸¡à¹€à¸ªà¸£à¸µ","creator":null,"developers":null,"translators":null,"contributors":null,"locales":["th"]},{"name":"Vikipediya (uz)","description":"Vikipediya, ochiq ensiklopediya","creator":null,"developers":null,"translators":null,"contributors":null,"locales":["uz"]},{"name":"Wikipedia (vi)","description":"Wikipedia, bÃ¡ch khoa toÃ n thÆ° má»Ÿ","creator":null,"developers":null,"translators":null,"contributors":null,"locales":["vi"]},{"name":"ÙˆÛŒÚ©ÛŒÙ¾ÛŒÚˆÛŒØ§ (ur)","description":"ÙˆÛŒÚ©ÛŒÙ¾ÛŒÚˆÛŒØ§ Ø¢Ø²Ø§Ø¯ Ø¯Ø§Ø¦Ø±Ûƒ Ø§Ù„Ù…Ø¹Ø§Ø±Ù�","creator":null,"developers":null,"translators":null,"contributors":null,"locales":["ur"]},{"name":"à°µà°¿à°•à±€à°ªà±€à°¡à°¿à°¯à°¾ (te)","description":"à°µà°¿à°•à±€à°ªà±€à°¡à°¿à°¯à°¾ (te)","creator":null,"developers":null,"translators":null,"contributors":null,"locales":["te"]},{"name":"Wikipedia (wo)","description":"Wikipedia, Jimbulang bu Ubbeeku bi","creator":null,"developers":null,"translators":null,"contributors":null,"locales":["wo"]},{"name":"ç»´åŸºç™¾ç§‘","description":"ç»´åŸºç™¾ç§‘ï¼Œè‡ªç”±çš„ç™¾ç§‘å…¨ä¹¦","creator":null,"developers":null,"translators":null,"contributors":null,"locales":["zh-CN"]},{"name":"Wikipedia (tl)","description":"Wikipedia, ang malayang ensiklopedya","creator":null,"developers":null,"translators":null,"contributors":null,"locales":["tl"]}],"targetApplications":[{"id":"toolkit@mozilla.org","minVersion":null,"maxVersion":null}],"targetPlatforms":[],"seen":true,"dependencies":[],"incognito":"spanning","userPermissions":{"permissions":[],"origins":[]},"icons":{"16":"favicon.ico"},"iconURL":null,"blocklistState":0,"blocklistURL":null,"startupData":null,"hidden":true,"installTelemetryInfo":null,"recommendationState":null,"rootURI":"resource://search-extensions/wikipedia/","location":"app-builtin"}
1575877822313	addons.xpi	DEBUG	Loading bootstrap scope from resource://search-extensions/wikipedia/
1575877822313	addons.xpi	DEBUG	Calling bootstrap method install on wikipedia@search.mozilla.org version 1.0
1575877822313	addons.xpi	DEBUG	Calling bootstrap method startup on wikipedia@search.mozilla.org version 1.0

	at org.openqa.selenium.firefox.internal.NewProfileExtensionConnection.start(NewProfileExtensionConnection.java:109)
	... 32 more
]]>
    </failure>
  </testcase> <!-- @BeforeClass setUp -->
  <testcase name="@AfterClass tearDown" time="0.0" classname="xonierpack.FindBrokenImages">
    <skipped/>
  </testcase> <!-- @AfterClass tearDown -->
  <testcase name="validateInvalidImages" time="0.002" classname="xonierpack.FindBrokenImages">
    <skipped/>
  </testcase> <!-- validateInvalidImages -->
</testsuite> <!-- Default test -->
