<?xml version="1.0" encoding="UTF-8"?>
<testng-results skipped="0" failed="0" ignored="0" total="1" passed="1">
  <reporter-output>
  </reporter-output>
  <suite name="Default suite" duration-ms="13476" started-at="2019-11-09T07:40:11Z" finished-at="2019-11-09T07:40:24Z">
    <groups>
    </groups>
    <test name="Default test" duration-ms="13476" started-at="2019-11-09T07:40:11Z" finished-at="2019-11-09T07:40:24Z">
      <class name="wecare4u.Wecarehome">
        <test-method status="PASS" signature="HomePage()[pri:0, instance:wecare4u.Wecarehome@d25987]" name="HomePage" duration-ms="13441" started-at="2019-11-09T13:10:11Z" finished-at="2019-11-09T13:10:24Z">
          <reporter-output>
          </reporter-output>
        </test-method> <!-- HomePage -->
      </class> <!-- wecare4u.Wecarehome -->
    </test> <!-- Default test -->
  </suite> <!-- Default suite -->
</testng-results>
