<?xml version="1.0" encoding="UTF-8"?>
<testng-results skipped="1" failed="0" ignored="0" total="1" passed="0">
  <reporter-output>
  </reporter-output>
  <suite name="Default suite" duration-ms="111592" started-at="2019-12-09T07:48:35Z" finished-at="2019-12-09T07:50:27Z">
    <groups>
    </groups>
    <test name="Default test" duration-ms="111592" started-at="2019-12-09T07:48:35Z" finished-at="2019-12-09T07:50:27Z">
      <class name="xonierpack.FindBrokenImages">
        <test-method status="FAIL" signature="setUp()[pri:0, instance:xonierpack.FindBrokenImages@19c0f4a]" name="setUp" is-config="true" duration-ms="0" started-at="2019-12-09T13:18:35Z" finished-at="2019-12-09T13:18:35Z">
          <exception class="org.openqa.selenium.WebDriverException">
            <message>
              <![CDATA[Failed to connect to binary FirefoxBinary(C:\Program Files\Mozilla Firefox\firefox.exe) on port 7055; process output follows: 
,"locales":["oc"]},{"name":"Wikipedia (ja)","description":"Wikipedia - ãƒ•ãƒªãƒ¼ç™¾ç§‘äº‹å…¸","creator":null,"developers":null,"translators":null,"contributors":null,"locales":["ja"]},{"name":"Wikipedia (nl)","description":"De vrije encyclopedie","creator":null,"developers":null,"translators":null,"contributors":null,"locales":["nl"]},{"name":"Wikipedija (hsb)","description":"Wikipedija, swobodna encyklopedija","creator":null,"developers":null,"translators":null,"contributors":null,"locales":["hsb"]},{"name":"×•×™×§×™×¤×“×™×”","description":"×•×™×§×™×¤×“×™×”","creator":null,"developers":null,"translators":null,"contributors":null,"locales":["he"]},{"name":"VikipetÃ£ (gn)","description":"VikipetÃ£, opaite tembikuaa hekosÃ£sÃ³va renda","creator":null,"developers":null,"translators":null,"contributors":null,"locales":["gn"]},{"name":"Wikipedia (pt)","description":"WikipÃ©dia, a enciclopÃ©dia livre","creator":null,"developers":null,"translators":null,"contributors":null,"locales":["pt"]},{"name":"Wikipedia (ro)","description":"Wikipedia, enciclopedia liberÄƒ","creator":null,"developers":null,"translators":null,"contributors":null,"locales":["ro"]},{"name":"Wikipedia (hy)","description":"ÕŽÕ«Ö„Õ«ÖƒÕ¥Õ¤Õ«Õ¡Õ� Õ¡Õ¦Õ¡Õ¿ Õ°Õ¡Õ¶Ö€Õ¡Õ£Õ«Õ¿Õ¡Ö€Õ¡Õ¶","creator":null,"developers":null,"translators":null,"contributors":null,"locales":["hy"]},{"name":"Wikipedia (tr)","description":"Vikipedi, Ã¶zgÃ¼r ansiklopedi","creator":null,"developers":null,"translators":null,"contributors":null,"locales":["tr"]},{"name":"Ð’Ñ–ÐºÑ–Ð¿ÐµÐ´Ñ–Ñ� (uk)","description":"Ð’Ñ–ÐºÑ–Ð¿ÐµÐ´Ñ–Ñ�, Ð²Ñ–Ð»ÑŒÐ½Ð° ÐµÐ½Ñ†Ð¸ÐºÐ»Ð¾Ð¿ÐµÐ´Ñ–Ñ�","creator":null,"developers":null,"translators":null,"contributors":null,"locales":["uk"]},{"name":"Wikipedia (zh)","description":"ç¶­åŸºç™¾ç§‘ï¼Œè‡ªç”±çš„ç™¾ç§‘å…¨æ›¸","creator":null,"developers":null,"translators":null,"contributors":null,"locales":["zh-TW"]},{"name":"à¸§à¸´à¸�à¸´à¸žà¸µà¹€à¸”à¸µà¸¢","description":"à¸§à¸´à¸�à¸´à¸žà¸µà¹€à¸”à¸µà¸¢ à¸ªà¸²à¸£à¸²à¸™à¸¸à¸�à¸£à¸¡à¹€à¸ªà¸£à¸µ","creator":null,"developers":null,"translators":null,"contributors":null,"locales":["th"]},{"name":"Vikipediya (uz)","description":"Vikipediya, ochiq ensiklopediya","creator":null,"developers":null,"translators":null,"contributors":null,"locales":["uz"]},{"name":"Wikipedia (vi)","description":"Wikipedia, bÃ¡ch khoa toÃ n thÆ° má»Ÿ","creator":null,"developers":null,"translators":null,"contributors":null,"locales":["vi"]},{"name":"ÙˆÛŒÚ©ÛŒÙ¾ÛŒÚˆÛŒØ§ (ur)","description":"ÙˆÛŒÚ©ÛŒÙ¾ÛŒÚˆÛŒØ§ Ø¢Ø²Ø§Ø¯ Ø¯Ø§Ø¦Ø±Ûƒ Ø§Ù„Ù…Ø¹Ø§Ø±Ù�","creator":null,"developers":null,"translators":null,"contributors":null,"locales":["ur"]},{"name":"à°µà°¿à°•à±€à°ªà±€à°¡à°¿à°¯à°¾ (te)","description":"à°µà°¿à°•à±€à°ªà±€à°¡à°¿à°¯à°¾ (te)","creator":null,"developers":null,"translators":null,"contributors":null,"locales":["te"]},{"name":"Wikipedia (wo)","description":"Wikipedia, Jimbulang bu Ubbeeku bi","creator":null,"developers":null,"translators":null,"contributors":null,"locales":["wo"]},{"name":"ç»´åŸºç™¾ç§‘","description":"ç»´åŸºç™¾ç§‘ï¼Œè‡ªç”±çš„ç™¾ç§‘å…¨ä¹¦","creator":null,"developers":null,"translators":null,"contributors":null,"locales":["zh-CN"]},{"name":"Wikipedia (tl)","description":"Wikipedia, ang malayang ensiklopedya","creator":null,"developers":null,"translators":null,"contributors":null,"locales":["tl"]}],"targetApplications":[{"id":"toolkit@mozilla.org","minVersion":null,"maxVersion":null}],"targetPlatforms":[],"seen":true,"dependencies":[],"incognito":"spanning","userPermissions":{"permissions":[],"origins":[]},"icons":{"16":"favicon.ico"},"iconURL":null,"blocklistState":0,"blocklistURL":null,"startupData":null,"hidden":true,"installTelemetryInfo":null,"recommendationState":null,"rootURI":"resource://search-extensions/wikipedia/","location":"app-builtin"}
1575877822313	addons.xpi	DEBUG	Loading bootstrap scope from resource://search-extensions/wikipedia/
1575877822313	addons.xpi	DEBUG	Calling bootstrap method install on wikipedia@search.mozilla.org version 1.0
1575877822313	addons.xpi	DEBUG	Calling bootstrap method startup on wikipedia@search.mozilla.org version 1.0

Build info: version: '2.25.0', revision: '17482', time: '2012-07-18 22:18:01'
System info: os.name: 'Windows 7', os.arch: 'x86', os.version: '6.1', java.version: '1.8.0_221'
Driver info: driver.version: FirefoxDriver]]>
            </message>
            <full-stacktrace>
              <![CDATA[org.openqa.selenium.WebDriverException: Failed to connect to binary FirefoxBinary(C:\Program Files\Mozilla Firefox\firefox.exe) on port 7055; process output follows: 
,"locales":["oc"]},{"name":"Wikipedia (ja)","description":"Wikipedia - ãƒ•ãƒªãƒ¼ç™¾ç§‘äº‹å…¸","creator":null,"developers":null,"translators":null,"contributors":null,"locales":["ja"]},{"name":"Wikipedia (nl)","description":"De vrije encyclopedie","creator":null,"developers":null,"translators":null,"contributors":null,"locales":["nl"]},{"name":"Wikipedija (hsb)","description":"Wikipedija, swobodna encyklopedija","creator":null,"developers":null,"translators":null,"contributors":null,"locales":["hsb"]},{"name":"×•×™×§×™×¤×“×™×”","description":"×•×™×§×™×¤×“×™×”","creator":null,"developers":null,"translators":null,"contributors":null,"locales":["he"]},{"name":"VikipetÃ£ (gn)","description":"VikipetÃ£, opaite tembikuaa hekosÃ£sÃ³va renda","creator":null,"developers":null,"translators":null,"contributors":null,"locales":["gn"]},{"name":"Wikipedia (pt)","description":"WikipÃ©dia, a enciclopÃ©dia livre","creator":null,"developers":null,"translators":null,"contributors":null,"locales":["pt"]},{"name":"Wikipedia (ro)","description":"Wikipedia, enciclopedia liberÄƒ","creator":null,"developers":null,"translators":null,"contributors":null,"locales":["ro"]},{"name":"Wikipedia (hy)","description":"ÕŽÕ«Ö„Õ«ÖƒÕ¥Õ¤Õ«Õ¡Õ� Õ¡Õ¦Õ¡Õ¿ Õ°Õ¡Õ¶Ö€Õ¡Õ£Õ«Õ¿Õ¡Ö€Õ¡Õ¶","creator":null,"developers":null,"translators":null,"contributors":null,"locales":["hy"]},{"name":"Wikipedia (tr)","description":"Vikipedi, Ã¶zgÃ¼r ansiklopedi","creator":null,"developers":null,"translators":null,"contributors":null,"locales":["tr"]},{"name":"Ð’Ñ–ÐºÑ–Ð¿ÐµÐ´Ñ–Ñ� (uk)","description":"Ð’Ñ–ÐºÑ–Ð¿ÐµÐ´Ñ–Ñ�, Ð²Ñ–Ð»ÑŒÐ½Ð° ÐµÐ½Ñ†Ð¸ÐºÐ»Ð¾Ð¿ÐµÐ´Ñ–Ñ�","creator":null,"developers":null,"translators":null,"contributors":null,"locales":["uk"]},{"name":"Wikipedia (zh)","description":"ç¶­åŸºç™¾ç§‘ï¼Œè‡ªç”±çš„ç™¾ç§‘å…¨æ›¸","creator":null,"developers":null,"translators":null,"contributors":null,"locales":["zh-TW"]},{"name":"à¸§à¸´à¸�à¸´à¸žà¸µà¹€à¸”à¸µà¸¢","description":"à¸§à¸´à¸�à¸´à¸žà¸µà¹€à¸”à¸µà¸¢ à¸ªà¸²à¸£à¸²à¸™à¸¸à¸�à¸£à¸¡à¹€à¸ªà¸£à¸µ","creator":null,"developers":null,"translators":null,"contributors":null,"locales":["th"]},{"name":"Vikipediya (uz)","description":"Vikipediya, ochiq ensiklopediya","creator":null,"developers":null,"translators":null,"contributors":null,"locales":["uz"]},{"name":"Wikipedia (vi)","description":"Wikipedia, bÃ¡ch khoa toÃ n thÆ° má»Ÿ","creator":null,"developers":null,"translators":null,"contributors":null,"locales":["vi"]},{"name":"ÙˆÛŒÚ©ÛŒÙ¾ÛŒÚˆÛŒØ§ (ur)","description":"ÙˆÛŒÚ©ÛŒÙ¾ÛŒÚˆÛŒØ§ Ø¢Ø²Ø§Ø¯ Ø¯Ø§Ø¦Ø±Ûƒ Ø§Ù„Ù…Ø¹Ø§Ø±Ù�","creator":null,"developers":null,"translators":null,"contributors":null,"locales":["ur"]},{"name":"à°µà°¿à°•à±€à°ªà±€à°¡à°¿à°¯à°¾ (te)","description":"à°µà°¿à°•à±€à°ªà±€à°¡à°¿à°¯à°¾ (te)","creator":null,"developers":null,"translators":null,"contributors":null,"locales":["te"]},{"name":"Wikipedia (wo)","description":"Wikipedia, Jimbulang bu Ubbeeku bi","creator":null,"developers":null,"translators":null,"contributors":null,"locales":["wo"]},{"name":"ç»´åŸºç™¾ç§‘","description":"ç»´åŸºç™¾ç§‘ï¼Œè‡ªç”±çš„ç™¾ç§‘å…¨ä¹¦","creator":null,"developers":null,"translators":null,"contributors":null,"locales":["zh-CN"]},{"name":"Wikipedia (tl)","description":"Wikipedia, ang malayang ensiklopedya","creator":null,"developers":null,"translators":null,"contributors":null,"locales":["tl"]}],"targetApplications":[{"id":"toolkit@mozilla.org","minVersion":null,"maxVersion":null}],"targetPlatforms":[],"seen":true,"dependencies":[],"incognito":"spanning","userPermissions":{"permissions":[],"origins":[]},"icons":{"16":"favicon.ico"},"iconURL":null,"blocklistState":0,"blocklistURL":null,"startupData":null,"hidden":true,"installTelemetryInfo":null,"recommendationState":null,"rootURI":"resource://search-extensions/wikipedia/","location":"app-builtin"}
1575877822313	addons.xpi	DEBUG	Loading bootstrap scope from resource://search-extensions/wikipedia/
1575877822313	addons.xpi	DEBUG	Calling bootstrap method install on wikipedia@search.mozilla.org version 1.0
1575877822313	addons.xpi	DEBUG	Calling bootstrap method startup on wikipedia@search.mozilla.org version 1.0

Build info: version: '2.25.0', revision: '17482', time: '2012-07-18 22:18:01'
System info: os.name: 'Windows 7', os.arch: 'x86', os.version: '6.1', java.version: '1.8.0_221'
Driver info: driver.version: FirefoxDriver
	at org.openqa.selenium.firefox.internal.NewProfileExtensionConnection.start(NewProfileExtensionConnection.java:121)
	at org.openqa.selenium.firefox.FirefoxDriver.startClient(FirefoxDriver.java:245)
	at org.openqa.selenium.remote.RemoteWebDriver.<init>(RemoteWebDriver.java:109)
	at org.openqa.selenium.firefox.FirefoxDriver.<init>(FirefoxDriver.java:183)
	at org.openqa.selenium.firefox.FirefoxDriver.<init>(FirefoxDriver.java:178)
	at org.openqa.selenium.firefox.FirefoxDriver.<init>(FirefoxDriver.java:174)
	at org.openqa.selenium.firefox.FirefoxDriver.<init>(FirefoxDriver.java:92)
	at xonierpack.FindBrokenImages.setUp(FindBrokenImages.java:25)
	at sun.reflect.NativeMethodAccessorImpl.invoke0(Native Method)
	at sun.reflect.NativeMethodAccessorImpl.invoke(Unknown Source)
	at sun.reflect.DelegatingMethodAccessorImpl.invoke(Unknown Source)
	at java.lang.reflect.Method.invoke(Unknown Source)
	at org.testng.internal.MethodInvocationHelper.invokeMethod(MethodInvocationHelper.java:104)
	at org.testng.internal.Invoker.invokeConfigurationMethod(Invoker.java:515)
	at org.testng.internal.Invoker.invokeConfigurations(Invoker.java:217)
	at org.testng.internal.Invoker.invokeConfigurations(Invoker.java:144)
	at org.testng.internal.TestMethodWorker.invokeBeforeClassMethods(TestMethodWorker.java:169)
	at org.testng.internal.TestMethodWorker.run(TestMethodWorker.java:108)
	at org.testng.TestRunner.privateRun(TestRunner.java:756)
	at org.testng.TestRunner.run(TestRunner.java:610)
	at org.testng.SuiteRunner.runTest(SuiteRunner.java:387)
	at org.testng.SuiteRunner.runSequentially(SuiteRunner.java:382)
	at org.testng.SuiteRunner.privateRun(SuiteRunner.java:340)
	at org.testng.SuiteRunner.run(SuiteRunner.java:289)
	at org.testng.SuiteRunnerWorker.runSuite(SuiteRunnerWorker.java:52)
	at org.testng.SuiteRunnerWorker.run(SuiteRunnerWorker.java:86)
	at org.testng.TestNG.runSuitesSequentially(TestNG.java:1293)
	at org.testng.TestNG.runSuitesLocally(TestNG.java:1218)
	at org.testng.TestNG.runSuites(TestNG.java:1133)
	at org.testng.TestNG.run(TestNG.java:1104)
	at org.testng.remote.AbstractRemoteTestNG.run(AbstractRemoteTestNG.java:132)
	at org.testng.remote.RemoteTestNG.initAndRun(RemoteTestNG.java:236)
	at org.testng.remote.RemoteTestNG.main(RemoteTestNG.java:81)
Caused by: org.openqa.selenium.firefox.NotConnectedException: Unable to connect to host 127.0.0.1 on port 7055 after 45000 ms. Firefox console output:
,"locales":["oc"]},{"name":"Wikipedia (ja)","description":"Wikipedia - ãƒ•ãƒªãƒ¼ç™¾ç§‘äº‹å…¸","creator":null,"developers":null,"translators":null,"contributors":null,"locales":["ja"]},{"name":"Wikipedia (nl)","description":"De vrije encyclopedie","creator":null,"developers":null,"translators":null,"contributors":null,"locales":["nl"]},{"name":"Wikipedija (hsb)","description":"Wikipedija, swobodna encyklopedija","creator":null,"developers":null,"translators":null,"contributors":null,"locales":["hsb"]},{"name":"×•×™×§×™×¤×“×™×”","description":"×•×™×§×™×¤×“×™×”","creator":null,"developers":null,"translators":null,"contributors":null,"locales":["he"]},{"name":"VikipetÃ£ (gn)","description":"VikipetÃ£, opaite tembikuaa hekosÃ£sÃ³va renda","creator":null,"developers":null,"translators":null,"contributors":null,"locales":["gn"]},{"name":"Wikipedia (pt)","description":"WikipÃ©dia, a enciclopÃ©dia livre","creator":null,"developers":null,"translators":null,"contributors":null,"locales":["pt"]},{"name":"Wikipedia (ro)","description":"Wikipedia, enciclopedia liberÄƒ","creator":null,"developers":null,"translators":null,"contributors":null,"locales":["ro"]},{"name":"Wikipedia (hy)","description":"ÕŽÕ«Ö„Õ«ÖƒÕ¥Õ¤Õ«Õ¡Õ� Õ¡Õ¦Õ¡Õ¿ Õ°Õ¡Õ¶Ö€Õ¡Õ£Õ«Õ¿Õ¡Ö€Õ¡Õ¶","creator":null,"developers":null,"translators":null,"contributors":null,"locales":["hy"]},{"name":"Wikipedia (tr)","description":"Vikipedi, Ã¶zgÃ¼r ansiklopedi","creator":null,"developers":null,"translators":null,"contributors":null,"locales":["tr"]},{"name":"Ð’Ñ–ÐºÑ–Ð¿ÐµÐ´Ñ–Ñ� (uk)","description":"Ð’Ñ–ÐºÑ–Ð¿ÐµÐ´Ñ–Ñ�, Ð²Ñ–Ð»ÑŒÐ½Ð° ÐµÐ½Ñ†Ð¸ÐºÐ»Ð¾Ð¿ÐµÐ´Ñ–Ñ�","creator":null,"developers":null,"translators":null,"contributors":null,"locales":["uk"]},{"name":"Wikipedia (zh)","description":"ç¶­åŸºç™¾ç§‘ï¼Œè‡ªç”±çš„ç™¾ç§‘å…¨æ›¸","creator":null,"developers":null,"translators":null,"contributors":null,"locales":["zh-TW"]},{"name":"à¸§à¸´à¸�à¸´à¸žà¸µà¹€à¸”à¸µà¸¢","description":"à¸§à¸´à¸�à¸´à¸žà¸µà¹€à¸”à¸µà¸¢ à¸ªà¸²à¸£à¸²à¸™à¸¸à¸�à¸£à¸¡à¹€à¸ªà¸£à¸µ","creator":null,"developers":null,"translators":null,"contributors":null,"locales":["th"]},{"name":"Vikipediya (uz)","description":"Vikipediya, ochiq ensiklopediya","creator":null,"developers":null,"translators":null,"contributors":null,"locales":["uz"]},{"name":"Wikipedia (vi)","description":"Wikipedia, bÃ¡ch khoa toÃ n thÆ° má»Ÿ","creator":null,"developers":null,"translators":null,"contributors":null,"locales":["vi"]},{"name":"ÙˆÛŒÚ©ÛŒÙ¾ÛŒÚˆÛŒØ§ (ur)","description":"ÙˆÛŒÚ©ÛŒÙ¾ÛŒÚˆÛŒØ§ Ø¢Ø²Ø§Ø¯ Ø¯Ø§Ø¦Ø±Ûƒ Ø§Ù„Ù…Ø¹Ø§Ø±Ù�","creator":null,"developers":null,"translators":null,"contributors":null,"locales":["ur"]},{"name":"à°µà°¿à°•à±€à°ªà±€à°¡à°¿à°¯à°¾ (te)","description":"à°µà°¿à°•à±€à°ªà±€à°¡à°¿à°¯à°¾ (te)","creator":null,"developers":null,"translators":null,"contributors":null,"locales":["te"]},{"name":"Wikipedia (wo)","description":"Wikipedia, Jimbulang bu Ubbeeku bi","creator":null,"developers":null,"translators":null,"contributors":null,"locales":["wo"]},{"name":"ç»´åŸºç™¾ç§‘","description":"ç»´åŸºç™¾ç§‘ï¼Œè‡ªç”±çš„ç™¾ç§‘å…¨ä¹¦","creator":null,"developers":null,"translators":null,"contributors":null,"locales":["zh-CN"]},{"name":"Wikipedia (tl)","description":"Wikipedia, ang malayang ensiklopedya","creator":null,"developers":null,"translators":null,"contributors":null,"locales":["tl"]}],"targetApplications":[{"id":"toolkit@mozilla.org","minVersion":null,"maxVersion":null}],"targetPlatforms":[],"seen":true,"dependencies":[],"incognito":"spanning","userPermissions":{"permissions":[],"origins":[]},"icons":{"16":"favicon.ico"},"iconURL":null,"blocklistState":0,"blocklistURL":null,"startupData":null,"hidden":true,"installTelemetryInfo":null,"recommendationState":null,"rootURI":"resource://search-extensions/wikipedia/","location":"app-builtin"}
1575877822313	addons.xpi	DEBUG	Loading bootstrap scope from resource://search-extensions/wikipedia/
1575877822313	addons.xpi	DEBUG	Calling bootstrap method install on wikipedia@search.mozilla.org version 1.0
1575877822313	addons.xpi	DEBUG	Calling bootstrap method startup on wikipedia@search.mozilla.org version 1.0

	at org.openqa.selenium.firefox.internal.NewProfileExtensionConnection.start(NewProfileExtensionConnection.java:109)
	... 32 more
]]>
            </full-stacktrace>
          </exception> <!-- org.openqa.selenium.WebDriverException -->
          <reporter-output>
          </reporter-output>
        </test-method> <!-- setUp -->
        <test-method status="SKIP" signature="validateInvalidImages()[pri:0, instance:xonierpack.FindBrokenImages@19c0f4a]" name="validateInvalidImages" duration-ms="2" started-at="2019-12-09T13:20:27Z" finished-at="2019-12-09T13:20:27Z">
          <exception class="org.openqa.selenium.WebDriverException">
            <message>
              <![CDATA[Failed to connect to binary FirefoxBinary(C:\Program Files\Mozilla Firefox\firefox.exe) on port 7055; process output follows: 
,"locales":["oc"]},{"name":"Wikipedia (ja)","description":"Wikipedia - ãƒ•ãƒªãƒ¼ç™¾ç§‘äº‹å…¸","creator":null,"developers":null,"translators":null,"contributors":null,"locales":["ja"]},{"name":"Wikipedia (nl)","description":"De vrije encyclopedie","creator":null,"developers":null,"translators":null,"contributors":null,"locales":["nl"]},{"name":"Wikipedija (hsb)","description":"Wikipedija, swobodna encyklopedija","creator":null,"developers":null,"translators":null,"contributors":null,"locales":["hsb"]},{"name":"×•×™×§×™×¤×“×™×”","description":"×•×™×§×™×¤×“×™×”","creator":null,"developers":null,"translators":null,"contributors":null,"locales":["he"]},{"name":"VikipetÃ£ (gn)","description":"VikipetÃ£, opaite tembikuaa hekosÃ£sÃ³va renda","creator":null,"developers":null,"translators":null,"contributors":null,"locales":["gn"]},{"name":"Wikipedia (pt)","description":"WikipÃ©dia, a enciclopÃ©dia livre","creator":null,"developers":null,"translators":null,"contributors":null,"locales":["pt"]},{"name":"Wikipedia (ro)","description":"Wikipedia, enciclopedia liberÄƒ","creator":null,"developers":null,"translators":null,"contributors":null,"locales":["ro"]},{"name":"Wikipedia (hy)","description":"ÕŽÕ«Ö„Õ«ÖƒÕ¥Õ¤Õ«Õ¡Õ� Õ¡Õ¦Õ¡Õ¿ Õ°Õ¡Õ¶Ö€Õ¡Õ£Õ«Õ¿Õ¡Ö€Õ¡Õ¶","creator":null,"developers":null,"translators":null,"contributors":null,"locales":["hy"]},{"name":"Wikipedia (tr)","description":"Vikipedi, Ã¶zgÃ¼r ansiklopedi","creator":null,"developers":null,"translators":null,"contributors":null,"locales":["tr"]},{"name":"Ð’Ñ–ÐºÑ–Ð¿ÐµÐ´Ñ–Ñ� (uk)","description":"Ð’Ñ–ÐºÑ–Ð¿ÐµÐ´Ñ–Ñ�, Ð²Ñ–Ð»ÑŒÐ½Ð° ÐµÐ½Ñ†Ð¸ÐºÐ»Ð¾Ð¿ÐµÐ´Ñ–Ñ�","creator":null,"developers":null,"translators":null,"contributors":null,"locales":["uk"]},{"name":"Wikipedia (zh)","description":"ç¶­åŸºç™¾ç§‘ï¼Œè‡ªç”±çš„ç™¾ç§‘å…¨æ›¸","creator":null,"developers":null,"translators":null,"contributors":null,"locales":["zh-TW"]},{"name":"à¸§à¸´à¸�à¸´à¸žà¸µà¹€à¸”à¸µà¸¢","description":"à¸§à¸´à¸�à¸´à¸žà¸µà¹€à¸”à¸µà¸¢ à¸ªà¸²à¸£à¸²à¸™à¸¸à¸�à¸£à¸¡à¹€à¸ªà¸£à¸µ","creator":null,"developers":null,"translators":null,"contributors":null,"locales":["th"]},{"name":"Vikipediya (uz)","description":"Vikipediya, ochiq ensiklopediya","creator":null,"developers":null,"translators":null,"contributors":null,"locales":["uz"]},{"name":"Wikipedia (vi)","description":"Wikipedia, bÃ¡ch khoa toÃ n thÆ° má»Ÿ","creator":null,"developers":null,"translators":null,"contributors":null,"locales":["vi"]},{"name":"ÙˆÛŒÚ©ÛŒÙ¾ÛŒÚˆÛŒØ§ (ur)","description":"ÙˆÛŒÚ©ÛŒÙ¾ÛŒÚˆÛŒØ§ Ø¢Ø²Ø§Ø¯ Ø¯Ø§Ø¦Ø±Ûƒ Ø§Ù„Ù…Ø¹Ø§Ø±Ù�","creator":null,"developers":null,"translators":null,"contributors":null,"locales":["ur"]},{"name":"à°µà°¿à°•à±€à°ªà±€à°¡à°¿à°¯à°¾ (te)","description":"à°µà°¿à°•à±€à°ªà±€à°¡à°¿à°¯à°¾ (te)","creator":null,"developers":null,"translators":null,"contributors":null,"locales":["te"]},{"name":"Wikipedia (wo)","description":"Wikipedia, Jimbulang bu Ubbeeku bi","creator":null,"developers":null,"translators":null,"contributors":null,"locales":["wo"]},{"name":"ç»´åŸºç™¾ç§‘","description":"ç»´åŸºç™¾ç§‘ï¼Œè‡ªç”±çš„ç™¾ç§‘å…¨ä¹¦","creator":null,"developers":null,"translators":null,"contributors":null,"locales":["zh-CN"]},{"name":"Wikipedia (tl)","description":"Wikipedia, ang malayang ensiklopedya","creator":null,"developers":null,"translators":null,"contributors":null,"locales":["tl"]}],"targetApplications":[{"id":"toolkit@mozilla.org","minVersion":null,"maxVersion":null}],"targetPlatforms":[],"seen":true,"dependencies":[],"incognito":"spanning","userPermissions":{"permissions":[],"origins":[]},"icons":{"16":"favicon.ico"},"iconURL":null,"blocklistState":0,"blocklistURL":null,"startupData":null,"hidden":true,"installTelemetryInfo":null,"recommendationState":null,"rootURI":"resource://search-extensions/wikipedia/","location":"app-builtin"}
1575877822313	addons.xpi	DEBUG	Loading bootstrap scope from resource://search-extensions/wikipedia/
1575877822313	addons.xpi	DEBUG	Calling bootstrap method install on wikipedia@search.mozilla.org version 1.0
1575877822313	addons.xpi	DEBUG	Calling bootstrap method startup on wikipedia@search.mozilla.org version 1.0

Build info: version: '2.25.0', revision: '17482', time: '2012-07-18 22:18:01'
System info: os.name: 'Windows 7', os.arch: 'x86', os.version: '6.1', java.version: '1.8.0_221'
Driver info: driver.version: FirefoxDriver]]>
            </message>
            <full-stacktrace>
              <![CDATA[org.openqa.selenium.WebDriverException: Failed to connect to binary FirefoxBinary(C:\Program Files\Mozilla Firefox\firefox.exe) on port 7055; process output follows: 
,"locales":["oc"]},{"name":"Wikipedia (ja)","description":"Wikipedia - ãƒ•ãƒªãƒ¼ç™¾ç§‘äº‹å…¸","creator":null,"developers":null,"translators":null,"contributors":null,"locales":["ja"]},{"name":"Wikipedia (nl)","description":"De vrije encyclopedie","creator":null,"developers":null,"translators":null,"contributors":null,"locales":["nl"]},{"name":"Wikipedija (hsb)","description":"Wikipedija, swobodna encyklopedija","creator":null,"developers":null,"translators":null,"contributors":null,"locales":["hsb"]},{"name":"×•×™×§×™×¤×“×™×”","description":"×•×™×§×™×¤×“×™×”","creator":null,"developers":null,"translators":null,"contributors":null,"locales":["he"]},{"name":"VikipetÃ£ (gn)","description":"VikipetÃ£, opaite tembikuaa hekosÃ£sÃ³va renda","creator":null,"developers":null,"translators":null,"contributors":null,"locales":["gn"]},{"name":"Wikipedia (pt)","description":"WikipÃ©dia, a enciclopÃ©dia livre","creator":null,"developers":null,"translators":null,"contributors":null,"locales":["pt"]},{"name":"Wikipedia (ro)","description":"Wikipedia, enciclopedia liberÄƒ","creator":null,"developers":null,"translators":null,"contributors":null,"locales":["ro"]},{"name":"Wikipedia (hy)","description":"ÕŽÕ«Ö„Õ«ÖƒÕ¥Õ¤Õ«Õ¡Õ� Õ¡Õ¦Õ¡Õ¿ Õ°Õ¡Õ¶Ö€Õ¡Õ£Õ«Õ¿Õ¡Ö€Õ¡Õ¶","creator":null,"developers":null,"translators":null,"contributors":null,"locales":["hy"]},{"name":"Wikipedia (tr)","description":"Vikipedi, Ã¶zgÃ¼r ansiklopedi","creator":null,"developers":null,"translators":null,"contributors":null,"locales":["tr"]},{"name":"Ð’Ñ–ÐºÑ–Ð¿ÐµÐ´Ñ–Ñ� (uk)","description":"Ð’Ñ–ÐºÑ–Ð¿ÐµÐ´Ñ–Ñ�, Ð²Ñ–Ð»ÑŒÐ½Ð° ÐµÐ½Ñ†Ð¸ÐºÐ»Ð¾Ð¿ÐµÐ´Ñ–Ñ�","creator":null,"developers":null,"translators":null,"contributors":null,"locales":["uk"]},{"name":"Wikipedia (zh)","description":"ç¶­åŸºç™¾ç§‘ï¼Œè‡ªç”±çš„ç™¾ç§‘å…¨æ›¸","creator":null,"developers":null,"translators":null,"contributors":null,"locales":["zh-TW"]},{"name":"à¸§à¸´à¸�à¸´à¸žà¸µà¹€à¸”à¸µà¸¢","description":"à¸§à¸´à¸�à¸´à¸žà¸µà¹€à¸”à¸µà¸¢ à¸ªà¸²à¸£à¸²à¸™à¸¸à¸�à¸£à¸¡à¹€à¸ªà¸£à¸µ","creator":null,"developers":null,"translators":null,"contributors":null,"locales":["th"]},{"name":"Vikipediya (uz)","description":"Vikipediya, ochiq ensiklopediya","creator":null,"developers":null,"translators":null,"contributors":null,"locales":["uz"]},{"name":"Wikipedia (vi)","description":"Wikipedia, bÃ¡ch khoa toÃ n thÆ° má»Ÿ","creator":null,"developers":null,"translators":null,"contributors":null,"locales":["vi"]},{"name":"ÙˆÛŒÚ©ÛŒÙ¾ÛŒÚˆÛŒØ§ (ur)","description":"ÙˆÛŒÚ©ÛŒÙ¾ÛŒÚˆÛŒØ§ Ø¢Ø²Ø§Ø¯ Ø¯Ø§Ø¦Ø±Ûƒ Ø§Ù„Ù…Ø¹Ø§Ø±Ù�","creator":null,"developers":null,"translators":null,"contributors":null,"locales":["ur"]},{"name":"à°µà°¿à°•à±€à°ªà±€à°¡à°¿à°¯à°¾ (te)","description":"à°µà°¿à°•à±€à°ªà±€à°¡à°¿à°¯à°¾ (te)","creator":null,"developers":null,"translators":null,"contributors":null,"locales":["te"]},{"name":"Wikipedia (wo)","description":"Wikipedia, Jimbulang bu Ubbeeku bi","creator":null,"developers":null,"translators":null,"contributors":null,"locales":["wo"]},{"name":"ç»´åŸºç™¾ç§‘","description":"ç»´åŸºç™¾ç§‘ï¼Œè‡ªç”±çš„ç™¾ç§‘å…¨ä¹¦","creator":null,"developers":null,"translators":null,"contributors":null,"locales":["zh-CN"]},{"name":"Wikipedia (tl)","description":"Wikipedia, ang malayang ensiklopedya","creator":null,"developers":null,"translators":null,"contributors":null,"locales":["tl"]}],"targetApplications":[{"id":"toolkit@mozilla.org","minVersion":null,"maxVersion":null}],"targetPlatforms":[],"seen":true,"dependencies":[],"incognito":"spanning","userPermissions":{"permissions":[],"origins":[]},"icons":{"16":"favicon.ico"},"iconURL":null,"blocklistState":0,"blocklistURL":null,"startupData":null,"hidden":true,"installTelemetryInfo":null,"recommendationState":null,"rootURI":"resource://search-extensions/wikipedia/","location":"app-builtin"}
1575877822313	addons.xpi	DEBUG	Loading bootstrap scope from resource://search-extensions/wikipedia/
1575877822313	addons.xpi	DEBUG	Calling bootstrap method install on wikipedia@search.mozilla.org version 1.0
1575877822313	addons.xpi	DEBUG	Calling bootstrap method startup on wikipedia@search.mozilla.org version 1.0

Build info: version: '2.25.0', revision: '17482', time: '2012-07-18 22:18:01'
System info: os.name: 'Windows 7', os.arch: 'x86', os.version: '6.1', java.version: '1.8.0_221'
Driver info: driver.version: FirefoxDriver
	at org.openqa.selenium.firefox.internal.NewProfileExtensionConnection.start(NewProfileExtensionConnection.java:121)
	at org.openqa.selenium.firefox.FirefoxDriver.startClient(FirefoxDriver.java:245)
	at org.openqa.selenium.remote.RemoteWebDriver.<init>(RemoteWebDriver.java:109)
	at org.openqa.selenium.firefox.FirefoxDriver.<init>(FirefoxDriver.java:183)
	at org.openqa.selenium.firefox.FirefoxDriver.<init>(FirefoxDriver.java:178)
	at org.openqa.selenium.firefox.FirefoxDriver.<init>(FirefoxDriver.java:174)
	at org.openqa.selenium.firefox.FirefoxDriver.<init>(FirefoxDriver.java:92)
	at xonierpack.FindBrokenImages.setUp(FindBrokenImages.java:25)
	at sun.reflect.NativeMethodAccessorImpl.invoke0(Native Method)
	at sun.reflect.NativeMethodAccessorImpl.invoke(Unknown Source)
	at sun.reflect.DelegatingMethodAccessorImpl.invoke(Unknown Source)
	at java.lang.reflect.Method.invoke(Unknown Source)
	at org.testng.internal.MethodInvocationHelper.invokeMethod(MethodInvocationHelper.java:104)
	at org.testng.internal.Invoker.invokeConfigurationMethod(Invoker.java:515)
	at org.testng.internal.Invoker.invokeConfigurations(Invoker.java:217)
	at org.testng.internal.Invoker.invokeConfigurations(Invoker.java:144)
	at org.testng.internal.TestMethodWorker.invokeBeforeClassMethods(TestMethodWorker.java:169)
	at org.testng.internal.TestMethodWorker.run(TestMethodWorker.java:108)
	at org.testng.TestRunner.privateRun(TestRunner.java:756)
	at org.testng.TestRunner.run(TestRunner.java:610)
	at org.testng.SuiteRunner.runTest(SuiteRunner.java:387)
	at org.testng.SuiteRunner.runSequentially(SuiteRunner.java:382)
	at org.testng.SuiteRunner.privateRun(SuiteRunner.java:340)
	at org.testng.SuiteRunner.run(SuiteRunner.java:289)
	at org.testng.SuiteRunnerWorker.runSuite(SuiteRunnerWorker.java:52)
	at org.testng.SuiteRunnerWorker.run(SuiteRunnerWorker.java:86)
	at org.testng.TestNG.runSuitesSequentially(TestNG.java:1293)
	at org.testng.TestNG.runSuitesLocally(TestNG.java:1218)
	at org.testng.TestNG.runSuites(TestNG.java:1133)
	at org.testng.TestNG.run(TestNG.java:1104)
	at org.testng.remote.AbstractRemoteTestNG.run(AbstractRemoteTestNG.java:132)
	at org.testng.remote.RemoteTestNG.initAndRun(RemoteTestNG.java:236)
	at org.testng.remote.RemoteTestNG.main(RemoteTestNG.java:81)
Caused by: org.openqa.selenium.firefox.NotConnectedException: Unable to connect to host 127.0.0.1 on port 7055 after 45000 ms. Firefox console output:
,"locales":["oc"]},{"name":"Wikipedia (ja)","description":"Wikipedia - ãƒ•ãƒªãƒ¼ç™¾ç§‘äº‹å…¸","creator":null,"developers":null,"translators":null,"contributors":null,"locales":["ja"]},{"name":"Wikipedia (nl)","description":"De vrije encyclopedie","creator":null,"developers":null,"translators":null,"contributors":null,"locales":["nl"]},{"name":"Wikipedija (hsb)","description":"Wikipedija, swobodna encyklopedija","creator":null,"developers":null,"translators":null,"contributors":null,"locales":["hsb"]},{"name":"×•×™×§×™×¤×“×™×”","description":"×•×™×§×™×¤×“×™×”","creator":null,"developers":null,"translators":null,"contributors":null,"locales":["he"]},{"name":"VikipetÃ£ (gn)","description":"VikipetÃ£, opaite tembikuaa hekosÃ£sÃ³va renda","creator":null,"developers":null,"translators":null,"contributors":null,"locales":["gn"]},{"name":"Wikipedia (pt)","description":"WikipÃ©dia, a enciclopÃ©dia livre","creator":null,"developers":null,"translators":null,"contributors":null,"locales":["pt"]},{"name":"Wikipedia (ro)","description":"Wikipedia, enciclopedia liberÄƒ","creator":null,"developers":null,"translators":null,"contributors":null,"locales":["ro"]},{"name":"Wikipedia (hy)","description":"ÕŽÕ«Ö„Õ«ÖƒÕ¥Õ¤Õ«Õ¡Õ� Õ¡Õ¦Õ¡Õ¿ Õ°Õ¡Õ¶Ö€Õ¡Õ£Õ«Õ¿Õ¡Ö€Õ¡Õ¶","creator":null,"developers":null,"translators":null,"contributors":null,"locales":["hy"]},{"name":"Wikipedia (tr)","description":"Vikipedi, Ã¶zgÃ¼r ansiklopedi","creator":null,"developers":null,"translators":null,"contributors":null,"locales":["tr"]},{"name":"Ð’Ñ–ÐºÑ–Ð¿ÐµÐ´Ñ–Ñ� (uk)","description":"Ð’Ñ–ÐºÑ–Ð¿ÐµÐ´Ñ–Ñ�, Ð²Ñ–Ð»ÑŒÐ½Ð° ÐµÐ½Ñ†Ð¸ÐºÐ»Ð¾Ð¿ÐµÐ´Ñ–Ñ�","creator":null,"developers":null,"translators":null,"contributors":null,"locales":["uk"]},{"name":"Wikipedia (zh)","description":"ç¶­åŸºç™¾ç§‘ï¼Œè‡ªç”±çš„ç™¾ç§‘å…¨æ›¸","creator":null,"developers":null,"translators":null,"contributors":null,"locales":["zh-TW"]},{"name":"à¸§à¸´à¸�à¸´à¸žà¸µà¹€à¸”à¸µà¸¢","description":"à¸§à¸´à¸�à¸´à¸žà¸µà¹€à¸”à¸µà¸¢ à¸ªà¸²à¸£à¸²à¸™à¸¸à¸�à¸£à¸¡à¹€à¸ªà¸£à¸µ","creator":null,"developers":null,"translators":null,"contributors":null,"locales":["th"]},{"name":"Vikipediya (uz)","description":"Vikipediya, ochiq ensiklopediya","creator":null,"developers":null,"translators":null,"contributors":null,"locales":["uz"]},{"name":"Wikipedia (vi)","description":"Wikipedia, bÃ¡ch khoa toÃ n thÆ° má»Ÿ","creator":null,"developers":null,"translators":null,"contributors":null,"locales":["vi"]},{"name":"ÙˆÛŒÚ©ÛŒÙ¾ÛŒÚˆÛŒØ§ (ur)","description":"ÙˆÛŒÚ©ÛŒÙ¾ÛŒÚˆÛŒØ§ Ø¢Ø²Ø§Ø¯ Ø¯Ø§Ø¦Ø±Ûƒ Ø§Ù„Ù…Ø¹Ø§Ø±Ù�","creator":null,"developers":null,"translators":null,"contributors":null,"locales":["ur"]},{"name":"à°µà°¿à°•à±€à°ªà±€à°¡à°¿à°¯à°¾ (te)","description":"à°µà°¿à°•à±€à°ªà±€à°¡à°¿à°¯à°¾ (te)","creator":null,"developers":null,"translators":null,"contributors":null,"locales":["te"]},{"name":"Wikipedia (wo)","description":"Wikipedia, Jimbulang bu Ubbeeku bi","creator":null,"developers":null,"translators":null,"contributors":null,"locales":["wo"]},{"name":"ç»´åŸºç™¾ç§‘","description":"ç»´åŸºç™¾ç§‘ï¼Œè‡ªç”±çš„ç™¾ç§‘å…¨ä¹¦","creator":null,"developers":null,"translators":null,"contributors":null,"locales":["zh-CN"]},{"name":"Wikipedia (tl)","description":"Wikipedia, ang malayang ensiklopedya","creator":null,"developers":null,"translators":null,"contributors":null,"locales":["tl"]}],"targetApplications":[{"id":"toolkit@mozilla.org","minVersion":null,"maxVersion":null}],"targetPlatforms":[],"seen":true,"dependencies":[],"incognito":"spanning","userPermissions":{"permissions":[],"origins":[]},"icons":{"16":"favicon.ico"},"iconURL":null,"blocklistState":0,"blocklistURL":null,"startupData":null,"hidden":true,"installTelemetryInfo":null,"recommendationState":null,"rootURI":"resource://search-extensions/wikipedia/","location":"app-builtin"}
1575877822313	addons.xpi	DEBUG	Loading bootstrap scope from resource://search-extensions/wikipedia/
1575877822313	addons.xpi	DEBUG	Calling bootstrap method install on wikipedia@search.mozilla.org version 1.0
1575877822313	addons.xpi	DEBUG	Calling bootstrap method startup on wikipedia@search.mozilla.org version 1.0

	at org.openqa.selenium.firefox.internal.NewProfileExtensionConnection.start(NewProfileExtensionConnection.java:109)
	... 32 more
]]>
            </full-stacktrace>
          </exception> <!-- org.openqa.selenium.WebDriverException -->
          <reporter-output>
          </reporter-output>
        </test-method> <!-- validateInvalidImages -->
        <test-method status="SKIP" signature="tearDown()[pri:0, instance:xonierpack.FindBrokenImages@19c0f4a]" name="tearDown" is-config="true" duration-ms="0" started-at="2019-12-09T13:20:27Z" finished-at="2019-12-09T13:20:27Z">
          <reporter-output>
          </reporter-output>
        </test-method> <!-- tearDown -->
      </class> <!-- xonierpack.FindBrokenImages -->
    </test> <!-- Default test -->
  </suite> <!-- Default suite -->
</testng-results>
